<?xml version="1.0" encoding="UTF-8"?>
<!-- Generated by org.testng.reporters.JUnitXMLReporter -->
<testsuite ignored="0" hostname="DESKTOP-785U0BK" failures="0" tests="5" name="Attestr Tests" time="39.715" errors="0" timestamp="2022-07-11T09:06:20 CDT">
  <testcase classname="com.attestr.runners.LoginPageTest" name="loginPageTitleTest" time="0.019"/>
  <testcase classname="com.attestr.runners.LoginPageTest" name="loginTest" time="0.399"/>
  <testcase classname="com.attestr.runners.HomePageTest" name="homePageTest" time="1.147"/>
  <testcase classname="com.attestr.runners.CheckXPageTest" name="clickOnBankAccount" time="1.021"/>
  <testcase classname="com.attestr.runners.BankAccountPageTest" name="verifySearch" time="0.366"/>
</testsuite> <!-- Attestr Tests -->
