<?xml version="1.0" encoding="UTF-8"?>
<testsuite name="TestSuite" time="2.954" tests="5" errors="0" skipped="0" failures="0">
  <properties>
[...]
</properties>
  <testcase name="loginPageTitleTest" classname="com.attestr.runners.LoginPageTest" time="0.021"/>
  <testcase name="loginTest" classname="com.attestr.runners.LoginPageTest" time="0.399"/>
  <testcase name="homePageTest" classname="com.attestr.runners.HomePageTest" time="1.148"/>
  <testcase name="clickOnBankAccount" classname="com.attestr.runners.CheckXPageTest" time="1.02"/>
  <testcase name="verifySearch" classname="com.attestr.runners.BankAccountPageTest" time="0.366"/>
</testsuite>