<?xml version="1.0" encoding="UTF-8"?>
<testng-results ignored="0" total="5" passed="5" failed="0" skipped="0">
  <reporter-output>
  </reporter-output>
  <suite started-at="2022-07-11T09:05:40 CDT" name="Attestr Suite" finished-at="2022-07-11T09:06:20 CDT" duration-ms="39715">
    <groups>
    </groups>
    <test started-at="2022-07-11T09:05:40 CDT" name="Attestr Tests" finished-at="2022-07-11T09:06:20 CDT" duration-ms="39715">
      <class name="com.attestr.runners.BankAccountPageTest">
        <test-method is-config="true" signature="setup()[pri:0, instance:com.attestr.runners.BankAccountPageTest@7530ad9c]" started-at="2022-07-11T09:06:13 CDT" name="setup" finished-at="2022-07-11T09:06:19 CDT" duration-ms="6319" status="PASS">
          <reporter-output>
          </reporter-output>
        </test-method> <!-- setup -->
        <test-method signature="verifySearch()[pri:0, instance:com.attestr.runners.BankAccountPageTest@7530ad9c]" started-at="2022-07-11T09:06:19 CDT" name="verifySearch" finished-at="2022-07-11T09:06:19 CDT" duration-ms="366" status="PASS">
          <reporter-output>
          </reporter-output>
        </test-method> <!-- verifySearch -->
        <test-method is-config="true" signature="tearDown()[pri:0, instance:com.attestr.runners.BankAccountPageTest@7530ad9c]" started-at="2022-07-11T09:06:19 CDT" name="tearDown" finished-at="2022-07-11T09:06:20 CDT" duration-ms="636" status="PASS">
          <reporter-output>
          </reporter-output>
        </test-method> <!-- tearDown -->
      </class> <!-- com.attestr.runners.BankAccountPageTest -->
      <class name="com.attestr.runners.HomePageTest">
        <test-method is-config="true" signature="setup()[pri:0, instance:com.attestr.runners.HomePageTest@1e66f1f5]" started-at="2022-07-11T09:05:57 CDT" name="setup" finished-at="2022-07-11T09:06:03 CDT" duration-ms="6329" status="PASS">
          <reporter-output>
          </reporter-output>
        </test-method> <!-- setup -->
        <test-method signature="homePageTest()[pri:0, instance:com.attestr.runners.HomePageTest@1e66f1f5]" started-at="2022-07-11T09:06:03 CDT" name="homePageTest" finished-at="2022-07-11T09:06:04 CDT" duration-ms="1147" status="PASS">
          <reporter-output>
          </reporter-output>
        </test-method> <!-- homePageTest -->
        <test-method is-config="true" signature="tearDown()[pri:0, instance:com.attestr.runners.HomePageTest@1e66f1f5]" started-at="2022-07-11T09:06:04 CDT" name="tearDown" finished-at="2022-07-11T09:06:05 CDT" duration-ms="704" status="PASS">
          <reporter-output>
          </reporter-output>
        </test-method> <!-- tearDown -->
      </class> <!-- com.attestr.runners.HomePageTest -->
      <class name="com.attestr.runners.CheckXPageTest">
        <test-method is-config="true" signature="setup()[pri:0, instance:com.attestr.runners.CheckXPageTest@4e50c791]" started-at="2022-07-11T09:06:05 CDT" name="setup" finished-at="2022-07-11T09:06:11 CDT" duration-ms="5934" status="PASS">
          <reporter-output>
          </reporter-output>
        </test-method> <!-- setup -->
        <test-method signature="clickOnBankAccount()[pri:0, instance:com.attestr.runners.CheckXPageTest@4e50c791]" started-at="2022-07-11T09:06:11 CDT" name="clickOnBankAccount" finished-at="2022-07-11T09:06:12 CDT" duration-ms="1021" status="PASS">
          <reporter-output>
          </reporter-output>
        </test-method> <!-- clickOnBankAccount -->
        <test-method is-config="true" signature="tearDown()[pri:0, instance:com.attestr.runners.CheckXPageTest@4e50c791]" started-at="2022-07-11T09:06:12 CDT" name="tearDown" finished-at="2022-07-11T09:06:13 CDT" duration-ms="767" status="PASS">
          <reporter-output>
          </reporter-output>
        </test-method> <!-- tearDown -->
      </class> <!-- com.attestr.runners.CheckXPageTest -->
      <class name="com.attestr.runners.LoginPageTest">
        <test-method is-config="true" signature="setup()[pri:0, instance:com.attestr.runners.LoginPageTest@4d1c00d0]" started-at="2022-07-11T09:05:40 CDT" name="setup" finished-at="2022-07-11T09:05:50 CDT" duration-ms="9507" status="PASS">
          <reporter-output>
          </reporter-output>
        </test-method> <!-- setup -->
        <test-method signature="loginPageTitleTest()[pri:1, instance:com.attestr.runners.LoginPageTest@4d1c00d0]" started-at="2022-07-11T09:05:50 CDT" name="loginPageTitleTest" finished-at="2022-07-11T09:05:50 CDT" duration-ms="19" status="PASS">
          <reporter-output>
          </reporter-output>
        </test-method> <!-- loginPageTitleTest -->
        <test-method is-config="true" signature="tearDown()[pri:0, instance:com.attestr.runners.LoginPageTest@4d1c00d0]" started-at="2022-07-11T09:05:50 CDT" name="tearDown" finished-at="2022-07-11T09:05:50 CDT" duration-ms="761" status="PASS">
          <reporter-output>
          </reporter-output>
        </test-method> <!-- tearDown -->
        <test-method is-config="true" signature="setup()[pri:0, instance:com.attestr.runners.LoginPageTest@4d1c00d0]" started-at="2022-07-11T09:05:50 CDT" name="setup" finished-at="2022-07-11T09:05:56 CDT" duration-ms="5022" status="PASS">
          <reporter-output>
          </reporter-output>
        </test-method> <!-- setup -->
        <test-method signature="loginTest()[pri:2, instance:com.attestr.runners.LoginPageTest@4d1c00d0]" started-at="2022-07-11T09:05:56 CDT" name="loginTest" finished-at="2022-07-11T09:05:56 CDT" duration-ms="399" status="PASS">
          <reporter-output>
          </reporter-output>
        </test-method> <!-- loginTest -->
        <test-method is-config="true" signature="tearDown()[pri:0, instance:com.attestr.runners.LoginPageTest@4d1c00d0]" started-at="2022-07-11T09:05:56 CDT" name="tearDown" finished-at="2022-07-11T09:05:57 CDT" duration-ms="722" status="PASS">
          <reporter-output>
          </reporter-output>
        </test-method> <!-- tearDown -->
      </class> <!-- com.attestr.runners.LoginPageTest -->
    </test> <!-- Attestr Tests -->
  </suite> <!-- Attestr Suite -->
</testng-results>
