<?xml version="1.0" encoding="UTF-8"?>
<testng-results skipped="0" failed="0" ignored="0" total="2" passed="2">
  <reporter-output>
  </reporter-output>
  <suite name="Default Suite" duration-ms="10033" started-at="2021-11-21T23:07:14 IST" finished-at="2021-11-21T23:07:24 IST">
    <groups>
    </groups>
    <test name="Authblue" duration-ms="10033" started-at="2021-11-21T23:07:14 IST" finished-at="2021-11-21T23:07:24 IST">
      <class name="com.attestr.runners.LoginPageTest">
        <test-method status="PASS" signature="setup()[pri:0, instance:com.attestr.runners.LoginPageTest@2286778]" name="setup" is-config="true" duration-ms="5660" started-at="2021-11-21T23:07:14 IST" finished-at="2021-11-21T23:07:19 IST">
          <reporter-output>
          </reporter-output>
        </test-method> <!-- setup -->
        <test-method status="PASS" signature="loginPageTitleTest()[pri:1, instance:com.attestr.runners.LoginPageTest@2286778]" name="loginPageTitleTest" duration-ms="24" started-at="2021-11-21T23:07:19 IST" finished-at="2021-11-21T23:07:19 IST">
          <reporter-output>
          </reporter-output>
        </test-method> <!-- loginPageTitleTest -->
        <test-method status="PASS" signature="tearDown()[pri:0, instance:com.attestr.runners.LoginPageTest@2286778]" name="tearDown" is-config="true" duration-ms="159" started-at="2021-11-21T23:07:19 IST" finished-at="2021-11-21T23:07:20 IST">
          <reporter-output>
          </reporter-output>
        </test-method> <!-- tearDown -->
        <test-method status="PASS" signature="setup()[pri:0, instance:com.attestr.runners.LoginPageTest@2286778]" name="setup" is-config="true" duration-ms="3642" started-at="2021-11-21T23:07:20 IST" finished-at="2021-11-21T23:07:23 IST">
          <reporter-output>
          </reporter-output>
        </test-method> <!-- setup -->
        <test-method status="PASS" signature="loginTest()[pri:2, instance:com.attestr.runners.LoginPageTest@2286778]" name="loginTest" duration-ms="373" started-at="2021-11-21T23:07:23 IST" finished-at="2021-11-21T23:07:24 IST">
          <reporter-output>
          </reporter-output>
        </test-method> <!-- loginTest -->
        <test-method status="PASS" signature="tearDown()[pri:0, instance:com.attestr.runners.LoginPageTest@2286778]" name="tearDown" is-config="true" duration-ms="122" started-at="2021-11-21T23:07:24 IST" finished-at="2021-11-21T23:07:24 IST">
          <reporter-output>
          </reporter-output>
        </test-method> <!-- tearDown -->
      </class> <!-- com.attestr.runners.LoginPageTest -->
    </test> <!-- Authblue -->
  </suite> <!-- Default Suite -->
</testng-results>
